<?xml version="1.0" encoding="UTF-8"?>
<!-- Generated by org.testng.reporters.JUnitXMLReporter -->
<testsuite ignored="0" hostname="HITEN-SHAHANI" failures="1" tests="1" name="Test" time="9.872" errors="0" timestamp="2024-08-06T13:15:09 IST">
  <testcase classname="practice.HomepageTest.InvoiceTest" name="createInvoiceTest" time="0.03">
    <failure type="java.lang.AssertionError" message="expected [login] but found [Administrator - Home - vtiger CRM 5 - Commercial Open Source CRM]">
      <![CDATA[java.lang.AssertionError: expected [login] but found [Administrator - Home - vtiger CRM 5 - Commercial Open Source CRM]
at practice.HomepageTest.InvoiceTest.createInvoiceTest(InvoiceTest.java:18)
at java.base/java.util.ArrayList.forEach(ArrayList.java:1596)
... Removed 31 stack frames]]>
    </failure>
  </testcase> <!-- createInvoiceTest -->
</testsuite> <!-- Test -->
