<?xml version="1.0" encoding="UTF-8"?>
<testng-results ignored="0" total="1" passed="1" failed="0" skipped="0">
  <reporter-output>
  </reporter-output>
  <suite started-at="2024-08-07T12:48:54 IST" name="Default suite" finished-at="2024-08-07T12:48:54 IST" duration-ms="486">
    <groups>
    </groups>
    <test started-at="2024-08-07T12:48:54 IST" name="Default test" finished-at="2024-08-07T12:48:54 IST" duration-ms="486">
      <class name="practice.HomepageTest.SampleReportTest">
        <test-method signature="createContactTest()[pri:0, instance:practice.HomepageTest.SampleReportTest@49ec71f8]" started-at="2024-08-07T12:48:54 IST" name="createContactTest" finished-at="2024-08-07T12:48:54 IST" duration-ms="444" status="PASS">
          <reporter-output>
          </reporter-output>
        </test-method> <!-- createContactTest -->
      </class> <!-- practice.HomepageTest.SampleReportTest -->
    </test> <!-- Default test -->
  </suite> <!-- Default suite -->
</testng-results>
